<?xml version="1.0" encoding="UTF-8"?>
<!-- Generated by org.testng.reporters.JUnitXMLReporter -->
<testsuite ignored="4" hostname="DESKTOP-N6BTS77" failures="0" tests="3" name="qa-ui-framework" time="70.549" errors="0" timestamp="2022-05-28T19:50:27 MDT">
  <testcase classname="ui.framework.testcases.ZoomHomeTest" name="testPageObject" time="8.726"/>
  <testcase classname="ui.framework.testcases.ZoomHomeTest" name="testPageObject" time="8.898"/>
  <testcase classname="ui.framework.testcases.ZoomHomeTest" name="testPageObject" time="8.845"/>
  <testcase classname="ui.framework.testcases.ZoomHomeTest" name="testPageObject1" time="0.0">
    <ignored/>
  </testcase> <!-- testPageObject1 -->
  <testcase classname="ui.framework.testcases.ZoomHomeTest" name="testAlert" time="0.0">
    <ignored/>
  </testcase> <!-- testAlert -->
  <testcase classname="ui.framework.testcases.ZoomHomeTest" name="testInvisility" time="0.0">
    <ignored/>
  </testcase> <!-- testInvisility -->
  <testcase classname="ui.framework.testcases.ZoomHomeTest" name="testCookies" time="0.0">
    <ignored/>
  </testcase> <!-- testCookies -->
</testsuite> <!-- qa-ui-framework -->
