<?xml version="1.0" encoding="UTF-8"?>
<testng-results ignored="4" total="7" passed="3" failed="0" skipped="0">
  <reporter-output>
  </reporter-output>
  <suite started-at="2022-05-28T19:49:16 MDT" name="Default Suite" finished-at="2022-05-28T19:50:27 MDT" duration-ms="70549">
    <groups>
    </groups>
    <test started-at="2022-05-28T19:49:16 MDT" name="qa-ui-framework" finished-at="2022-05-28T19:50:27 MDT" duration-ms="70549">
      <class name="ui.framework.testcases.ZoomHomeTest">
        <test-method is-config="true" signature="setUp()[pri:0, instance:ui.framework.testcases.ZoomHomeTest@7ea37dbf]" started-at="2022-05-28T19:49:18 MDT" name="setUp" finished-at="2022-05-28T19:49:27 MDT" duration-ms="9690" status="PASS">
          <reporter-output>
          </reporter-output>
        </test-method> <!-- setUp -->
        <test-method signature="testPageObject(java.lang.String,java.lang.String)[pri:0, instance:ui.framework.testcases.ZoomHomeTest@7ea37dbf]" started-at="2022-05-28T19:49:27 MDT" name="testPageObject" data-provider="loginProvider" finished-at="2022-05-28T19:49:36 MDT" duration-ms="8726" status="PASS">
          <params>
            <param index="0">
              <value>
                <![CDATA[atin@pragra.ca]]>
              </value>
            </param>
            <param index="1">
              <value>
                <![CDATA[2309kslksjsj]]>
              </value>
            </param>
          </params>
          <reporter-output>
          </reporter-output>
        </test-method> <!-- testPageObject -->
        <test-method is-config="true" signature="tearDown()[pri:0, instance:ui.framework.testcases.ZoomHomeTest@7ea37dbf]" started-at="2022-05-28T19:49:36 MDT" name="tearDown" finished-at="2022-05-28T19:49:42 MDT" duration-ms="5595" status="PASS">
          <reporter-output>
          </reporter-output>
        </test-method> <!-- tearDown -->
        <test-method is-config="true" signature="setUp()[pri:0, instance:ui.framework.testcases.ZoomHomeTest@7ea37dbf]" started-at="2022-05-28T19:49:42 MDT" name="setUp" finished-at="2022-05-28T19:49:48 MDT" duration-ms="6137" status="PASS">
          <reporter-output>
          </reporter-output>
        </test-method> <!-- setUp -->
        <test-method signature="testPageObject(java.lang.String,java.lang.String)[pri:0, instance:ui.framework.testcases.ZoomHomeTest@7ea37dbf]" started-at="2022-05-28T19:49:48 MDT" name="testPageObject" data-provider="loginProvider" finished-at="2022-05-28T19:49:57 MDT" duration-ms="8898" status="PASS">
          <params>
            <param index="0">
              <value>
                <![CDATA[vivek@pragra.ca]]>
              </value>
            </param>
            <param index="1">
              <value>
                <![CDATA[oklsksjddjdd]]>
              </value>
            </param>
          </params>
          <reporter-output>
          </reporter-output>
        </test-method> <!-- testPageObject -->
        <test-method is-config="true" signature="tearDown()[pri:0, instance:ui.framework.testcases.ZoomHomeTest@7ea37dbf]" started-at="2022-05-28T19:49:58 MDT" name="tearDown" finished-at="2022-05-28T19:50:03 MDT" duration-ms="5284" status="PASS">
          <reporter-output>
          </reporter-output>
        </test-method> <!-- tearDown -->
        <test-method is-config="true" signature="setUp()[pri:0, instance:ui.framework.testcases.ZoomHomeTest@7ea37dbf]" started-at="2022-05-28T19:50:03 MDT" name="setUp" finished-at="2022-05-28T19:50:12 MDT" duration-ms="9413" status="PASS">
          <reporter-output>
          </reporter-output>
        </test-method> <!-- setUp -->
        <test-method signature="testPageObject(java.lang.String,java.lang.String)[pri:0, instance:ui.framework.testcases.ZoomHomeTest@7ea37dbf]" started-at="2022-05-28T19:50:12 MDT" name="testPageObject" data-provider="loginProvider" finished-at="2022-05-28T19:50:21 MDT" duration-ms="8845" status="PASS">
          <params>
            <param index="0">
              <value>
                <![CDATA[hari@pragra.co]]>
              </value>
            </param>
            <param index="1">
              <value>
                <![CDATA[30393930klsksks]]>
              </value>
            </param>
          </params>
          <reporter-output>
          </reporter-output>
        </test-method> <!-- testPageObject -->
        <test-method is-config="true" signature="tearDown()[pri:0, instance:ui.framework.testcases.ZoomHomeTest@7ea37dbf]" started-at="2022-05-28T19:50:22 MDT" name="tearDown" finished-at="2022-05-28T19:50:27 MDT" duration-ms="5276" status="PASS">
          <reporter-output>
          </reporter-output>
        </test-method> <!-- tearDown -->
      </class> <!-- ui.framework.testcases.ZoomHomeTest -->
    </test> <!-- qa-ui-framework -->
  </suite> <!-- Default Suite -->
</testng-results>
